25-04-21 14:37:49.469 [background-preinit] INFO  o.h.validator.internal.util.Version  [reqId= | ip= | method= | url=] - HV000001: Hibernate Validator 8.0.2.Final
25-04-21 14:37:49.562 [Test worker] INFO  c.p.t.s.c.CommentControllerTest      [reqId= | ip= | method= | url=] - Starting CommentControllerTest using Java 17.0.13 with PID 18180 (started by lee in C:\Users\leesi\sb01-deokhugam-team07)
25-04-21 14:37:49.563 [Test worker] INFO  c.p.t.s.c.CommentControllerTest      [reqId= | ip= | method= | url=] - The following 1 profile is active: "default"
25-04-21 14:37:52.262 [Test worker] WARN  o.s.b.a.s.s.UserDetailsServiceAutoConfiguration [reqId= | ip= | method= | url=] - 

Using generated security password: 2ef96f9e-cba3-48e4-a988-19b3b3d7b3e5

This generated password is for development use only. Your security configuration must be updated before running your application in production.

25-04-21 14:37:52.305 [Test worker] INFO  o.s.s.c.a.a.c.InitializeUserDetailsBeanManagerConfigurer$InitializeUserDetailsManagerConfigurer [reqId= | ip= | method= | url=] - Global AuthenticationManager configured with UserDetailsService bean with name inMemoryUserDetailsManager
25-04-21 14:37:52.633 [Test worker] INFO  o.s.b.t.m.w.SpringBootMockServletContext [reqId= | ip= | method= | url=] - Initializing Spring TestDispatcherServlet ''
25-04-21 14:37:52.633 [Test worker] INFO  o.s.t.w.s.TestDispatcherServlet      [reqId= | ip= | method= | url=] - Initializing Servlet ''
25-04-21 14:37:52.635 [Test worker] INFO  o.s.t.w.s.TestDispatcherServlet      [reqId= | ip= | method= | url=] - Completed initialization in 2 ms
25-04-21 14:37:52.681 [Test worker] INFO  c.p.t.s.c.CommentControllerTest      [reqId= | ip= | method= | url=] - Started CommentControllerTest in 3.955 seconds (process running for 5.701)
25-04-21 14:40:04.060 [background-preinit] INFO  o.h.validator.internal.util.Version  [reqId= | ip= | method= | url=] - HV000001: Hibernate Validator 8.0.2.Final
25-04-21 14:40:04.143 [Test worker] INFO  c.p.t.s.c.CommentControllerTest      [reqId= | ip= | method= | url=] - Starting CommentControllerTest using Java 17.0.13 with PID 13912 (started by lee in C:\Users\leesi\sb01-deokhugam-team07)
25-04-21 14:40:04.144 [Test worker] INFO  c.p.t.s.c.CommentControllerTest      [reqId= | ip= | method= | url=] - The following 1 profile is active: "default"
25-04-21 14:40:06.762 [Test worker] WARN  o.s.b.a.s.s.UserDetailsServiceAutoConfiguration [reqId= | ip= | method= | url=] - 

Using generated security password: aa0678ba-4b4e-430f-95ef-1624bd06f5d6

This generated password is for development use only. Your security configuration must be updated before running your application in production.

25-04-21 14:40:06.803 [Test worker] INFO  o.s.s.c.a.a.c.InitializeUserDetailsBeanManagerConfigurer$InitializeUserDetailsManagerConfigurer [reqId= | ip= | method= | url=] - Global AuthenticationManager configured with UserDetailsService bean with name inMemoryUserDetailsManager
25-04-21 14:40:07.097 [Test worker] INFO  o.s.b.t.m.w.SpringBootMockServletContext [reqId= | ip= | method= | url=] - Initializing Spring TestDispatcherServlet ''
25-04-21 14:40:07.098 [Test worker] INFO  o.s.t.w.s.TestDispatcherServlet      [reqId= | ip= | method= | url=] - Initializing Servlet ''
25-04-21 14:40:07.100 [Test worker] INFO  o.s.t.w.s.TestDispatcherServlet      [reqId= | ip= | method= | url=] - Completed initialization in 1 ms
25-04-21 14:40:07.141 [Test worker] INFO  c.p.t.s.c.CommentControllerTest      [reqId= | ip= | method= | url=] - Started CommentControllerTest in 3.751 seconds (process running for 5.497)
25-04-21 14:44:27.805 [background-preinit] INFO  o.h.validator.internal.util.Version  [reqId= | ip= | method= | url=] - HV000001: Hibernate Validator 8.0.2.Final
25-04-21 14:44:27.891 [Test worker] INFO  c.p.t.s.c.CommentControllerTest      [reqId= | ip= | method= | url=] - Starting CommentControllerTest using Java 17.0.13 with PID 19424 (started by lee in C:\Users\leesi\sb01-deokhugam-team07)
25-04-21 14:44:27.892 [Test worker] INFO  c.p.t.s.c.CommentControllerTest      [reqId= | ip= | method= | url=] - The following 1 profile is active: "default"
25-04-21 14:44:30.412 [Test worker] WARN  o.s.b.a.s.s.UserDetailsServiceAutoConfiguration [reqId= | ip= | method= | url=] - 

Using generated security password: 11ccb38c-01ff-4ca8-ad1e-f9445ba1640b

This generated password is for development use only. Your security configuration must be updated before running your application in production.

25-04-21 14:44:30.449 [Test worker] INFO  o.s.s.c.a.a.c.InitializeUserDetailsBeanManagerConfigurer$InitializeUserDetailsManagerConfigurer [reqId= | ip= | method= | url=] - Global AuthenticationManager configured with UserDetailsService bean with name inMemoryUserDetailsManager
25-04-21 14:44:30.733 [Test worker] INFO  o.s.b.t.m.w.SpringBootMockServletContext [reqId= | ip= | method= | url=] - Initializing Spring TestDispatcherServlet ''
25-04-21 14:44:30.733 [Test worker] INFO  o.s.t.w.s.TestDispatcherServlet      [reqId= | ip= | method= | url=] - Initializing Servlet ''
25-04-21 14:44:30.735 [Test worker] INFO  o.s.t.w.s.TestDispatcherServlet      [reqId= | ip= | method= | url=] - Completed initialization in 1 ms
25-04-21 14:44:30.775 [Test worker] INFO  c.p.t.s.c.CommentControllerTest      [reqId= | ip= | method= | url=] - Started CommentControllerTest in 3.688 seconds (process running for 5.408)
25-04-21 14:44:43.688 [background-preinit] INFO  o.h.validator.internal.util.Version  [reqId= | ip= | method= | url=] - HV000001: Hibernate Validator 8.0.2.Final
25-04-21 14:44:43.771 [Test worker] INFO  c.p.t.s.c.CommentControllerTest      [reqId= | ip= | method= | url=] - Starting CommentControllerTest using Java 17.0.13 with PID 8612 (started by lee in C:\Users\leesi\sb01-deokhugam-team07)
25-04-21 14:44:43.772 [Test worker] INFO  c.p.t.s.c.CommentControllerTest      [reqId= | ip= | method= | url=] - The following 1 profile is active: "default"
25-04-21 14:44:46.274 [Test worker] WARN  o.s.b.a.s.s.UserDetailsServiceAutoConfiguration [reqId= | ip= | method= | url=] - 

Using generated security password: 912620a8-3a39-4b11-bc67-a019ba236ed2

This generated password is for development use only. Your security configuration must be updated before running your application in production.

25-04-21 14:44:46.311 [Test worker] INFO  o.s.s.c.a.a.c.InitializeUserDetailsBeanManagerConfigurer$InitializeUserDetailsManagerConfigurer [reqId= | ip= | method= | url=] - Global AuthenticationManager configured with UserDetailsService bean with name inMemoryUserDetailsManager
25-04-21 14:44:46.576 [Test worker] INFO  o.s.b.t.m.w.SpringBootMockServletContext [reqId= | ip= | method= | url=] - Initializing Spring TestDispatcherServlet ''
25-04-21 14:44:46.577 [Test worker] INFO  o.s.t.w.s.TestDispatcherServlet      [reqId= | ip= | method= | url=] - Initializing Servlet ''
25-04-21 14:44:46.578 [Test worker] INFO  o.s.t.w.s.TestDispatcherServlet      [reqId= | ip= | method= | url=] - Completed initialization in 1 ms
25-04-21 14:44:46.621 [Test worker] INFO  c.p.t.s.c.CommentControllerTest      [reqId= | ip= | method= | url=] - Started CommentControllerTest in 3.587 seconds (process running for 5.253)
25-04-21 14:44:47.036 [Test worker] INFO  c.p.t.s.controller.CommentController [reqId= | ip= | method= | url=] - create comment request = CommentCreateRequest[reviewId=18d36088-7451-403c-a7de-d434dce377aa, userId=d7cc6f7a-2f09-4096-a9d9-ab06b240cf62, content=test]
25-04-21 14:45:14.441 [background-preinit] INFO  o.h.validator.internal.util.Version  [reqId= | ip= | method= | url=] - HV000001: Hibernate Validator 8.0.2.Final
25-04-21 14:45:14.525 [Test worker] INFO  c.p.t.s.c.CommentControllerTest      [reqId= | ip= | method= | url=] - Starting CommentControllerTest using Java 17.0.13 with PID 26932 (started by lee in C:\Users\leesi\sb01-deokhugam-team07)
25-04-21 14:45:14.525 [Test worker] INFO  c.p.t.s.c.CommentControllerTest      [reqId= | ip= | method= | url=] - The following 1 profile is active: "default"
25-04-21 14:45:17.113 [Test worker] WARN  o.s.b.a.s.s.UserDetailsServiceAutoConfiguration [reqId= | ip= | method= | url=] - 

Using generated security password: ef75f653-7f3e-41f2-b2d1-cf3149521193

This generated password is for development use only. Your security configuration must be updated before running your application in production.

25-04-21 14:45:17.151 [Test worker] INFO  o.s.s.c.a.a.c.InitializeUserDetailsBeanManagerConfigurer$InitializeUserDetailsManagerConfigurer [reqId= | ip= | method= | url=] - Global AuthenticationManager configured with UserDetailsService bean with name inMemoryUserDetailsManager
25-04-21 14:45:17.454 [Test worker] INFO  o.s.b.t.m.w.SpringBootMockServletContext [reqId= | ip= | method= | url=] - Initializing Spring TestDispatcherServlet ''
25-04-21 14:45:17.456 [Test worker] INFO  o.s.t.w.s.TestDispatcherServlet      [reqId= | ip= | method= | url=] - Initializing Servlet ''
25-04-21 14:45:17.458 [Test worker] INFO  o.s.t.w.s.TestDispatcherServlet      [reqId= | ip= | method= | url=] - Completed initialization in 1 ms
25-04-21 14:45:17.497 [Test worker] INFO  c.p.t.s.c.CommentControllerTest      [reqId= | ip= | method= | url=] - Started CommentControllerTest in 3.759 seconds (process running for 5.533)
25-04-21 14:47:45.409 [background-preinit] INFO  o.h.validator.internal.util.Version  [reqId= | ip= | method= | url=] - HV000001: Hibernate Validator 8.0.2.Final
25-04-21 14:47:45.496 [Test worker] INFO  c.p.t.s.c.CommentControllerTest      [reqId= | ip= | method= | url=] - Starting CommentControllerTest using Java 17.0.13 with PID 2852 (started by lee in C:\Users\leesi\sb01-deokhugam-team07)
25-04-21 14:47:45.498 [Test worker] INFO  c.p.t.s.c.CommentControllerTest      [reqId= | ip= | method= | url=] - The following 1 profile is active: "default"
25-04-21 14:47:48.048 [Test worker] WARN  o.s.b.a.s.s.UserDetailsServiceAutoConfiguration [reqId= | ip= | method= | url=] - 

Using generated security password: 5ebd9555-4776-4003-93b2-dba2bad0dc3f

This generated password is for development use only. Your security configuration must be updated before running your application in production.

25-04-21 14:47:48.082 [Test worker] INFO  o.s.s.c.a.a.c.InitializeUserDetailsBeanManagerConfigurer$InitializeUserDetailsManagerConfigurer [reqId= | ip= | method= | url=] - Global AuthenticationManager configured with UserDetailsService bean with name inMemoryUserDetailsManager
25-04-21 14:47:48.345 [Test worker] INFO  o.s.b.t.m.w.SpringBootMockServletContext [reqId= | ip= | method= | url=] - Initializing Spring TestDispatcherServlet ''
25-04-21 14:47:48.345 [Test worker] INFO  o.s.t.w.s.TestDispatcherServlet      [reqId= | ip= | method= | url=] - Initializing Servlet ''
25-04-21 14:47:48.348 [Test worker] INFO  o.s.t.w.s.TestDispatcherServlet      [reqId= | ip= | method= | url=] - Completed initialization in 3 ms
25-04-21 14:47:48.385 [Test worker] INFO  c.p.t.s.c.CommentControllerTest      [reqId= | ip= | method= | url=] - Started CommentControllerTest in 3.652 seconds (process running for 5.392)
25-04-21 14:47:48.750 [Test worker] INFO  c.p.t.s.controller.CommentController [reqId= | ip= | method= | url=] - create comment request = CommentCreateRequest[reviewId=bc6058e3-a1e2-4fe4-a630-5c746af50381, userId=51b8d3ad-3471-4796-b268-cc1b4de2bc0d, content=test]
25-04-21 14:51:34.711 [background-preinit] INFO  o.h.validator.internal.util.Version  [reqId= | ip= | method= | url=] - HV000001: Hibernate Validator 8.0.2.Final
25-04-21 14:51:34.787 [Test worker] INFO  c.p.t.s.c.CommentControllerTest      [reqId= | ip= | method= | url=] - Starting CommentControllerTest using Java 17.0.13 with PID 26920 (started by lee in C:\Users\leesi\sb01-deokhugam-team07)
25-04-21 14:51:34.788 [Test worker] INFO  c.p.t.s.c.CommentControllerTest      [reqId= | ip= | method= | url=] - The following 1 profile is active: "default"
25-04-21 14:51:37.310 [Test worker] WARN  o.s.b.a.s.s.UserDetailsServiceAutoConfiguration [reqId= | ip= | method= | url=] - 

Using generated security password: 809f2faf-db8f-431e-88b4-c671d9b3d5ed

This generated password is for development use only. Your security configuration must be updated before running your application in production.

25-04-21 14:51:37.346 [Test worker] INFO  o.s.s.c.a.a.c.InitializeUserDetailsBeanManagerConfigurer$InitializeUserDetailsManagerConfigurer [reqId= | ip= | method= | url=] - Global AuthenticationManager configured with UserDetailsService bean with name inMemoryUserDetailsManager
25-04-21 14:51:37.614 [Test worker] INFO  o.s.b.t.m.w.SpringBootMockServletContext [reqId= | ip= | method= | url=] - Initializing Spring TestDispatcherServlet ''
25-04-21 14:51:37.615 [Test worker] INFO  o.s.t.w.s.TestDispatcherServlet      [reqId= | ip= | method= | url=] - Initializing Servlet ''
25-04-21 14:51:37.616 [Test worker] INFO  o.s.t.w.s.TestDispatcherServlet      [reqId= | ip= | method= | url=] - Completed initialization in 1 ms
25-04-21 14:51:37.656 [Test worker] INFO  c.p.t.s.c.CommentControllerTest      [reqId= | ip= | method= | url=] - Started CommentControllerTest in 3.616 seconds (process running for 5.271)
25-04-21 14:51:38.033 [Test worker] WARN  o.s.w.s.m.s.DefaultHandlerExceptionResolver [reqId= | ip= | method= | url=] - Resolved [org.springframework.web.bind.MethodArgumentNotValidException: Validation failed for argument [0] in public org.springframework.http.ResponseEntity<com.part3.team07.sb01deokhugamteam07.dto.comment.CommentDto> com.part3.team07.sb01deokhugamteam07.controller.CommentController.create(com.part3.team07.sb01deokhugamteam07.dto.comment.request.CommentCreateRequest) with 3 errors: [Field error in object 'commentCreateRequest' on field 'content': rejected value []; codes [NotBlank.commentCreateRequest.content,NotBlank.content,NotBlank.java.lang.String,NotBlank]; arguments [org.springframework.context.support.DefaultMessageSourceResolvable: codes [commentCreateRequest.content,content]; arguments []; default message [content]]; default message [내용은 필수입니다.]] [Field error in object 'commentCreateRequest' on field 'reviewId': rejected value [null]; codes [NotNull.commentCreateRequest.reviewId,NotNull.reviewId,NotNull.java.util.UUID,NotNull]; arguments [org.springframework.context.support.DefaultMessageSourceResolvable: codes [commentCreateRequest.reviewId,reviewId]; arguments []; default message [reviewId]]; default message [리뷰 ID는 필수입니다.]] [Field error in object 'commentCreateRequest' on field 'userId': rejected value [null]; codes [NotNull.commentCreateRequest.userId,NotNull.userId,NotNull.java.util.UUID,NotNull]; arguments [org.springframework.context.support.DefaultMessageSourceResolvable: codes [commentCreateRequest.userId,userId]; arguments []; default message [userId]]; default message [사용자 ID는 필수입니다.]] ]
25-04-21 15:09:48.134 [background-preinit] INFO  o.h.validator.internal.util.Version  [reqId= | ip= | method= | url=] - HV000001: Hibernate Validator 8.0.2.Final
25-04-21 15:09:48.199 [Test worker] INFO  c.p.t.s.Sb01DeokhugamTeam07ApplicationTests [reqId= | ip= | method= | url=] - Starting Sb01DeokhugamTeam07ApplicationTests using Java 17.0.13 with PID 28728 (started by lee in C:\Users\leesi\sb01-deokhugam-team07)
25-04-21 15:09:48.200 [Test worker] INFO  c.p.t.s.Sb01DeokhugamTeam07ApplicationTests [reqId= | ip= | method= | url=] - The following 1 profile is active: "default"
25-04-21 15:09:49.699 [Test worker] INFO  o.s.d.r.c.RepositoryConfigurationDelegate [reqId= | ip= | method= | url=] - Bootstrapping Spring Data JPA repositories in DEFAULT mode.
25-04-21 15:09:49.800 [Test worker] INFO  o.s.d.r.c.RepositoryConfigurationDelegate [reqId= | ip= | method= | url=] - Finished Spring Data repository scanning in 87 ms. Found 6 JPA repository interfaces.
25-04-21 15:09:50.799 [Test worker] INFO  o.h.jpa.internal.util.LogHelper      [reqId= | ip= | method= | url=] - HHH000204: Processing PersistenceUnitInfo [name: default]
25-04-21 15:09:50.888 [Test worker] INFO  org.hibernate.Version                [reqId= | ip= | method= | url=] - HHH000412: Hibernate ORM core version 6.6.11.Final
25-04-21 15:09:50.941 [Test worker] INFO  o.h.c.i.RegionFactoryInitiator       [reqId= | ip= | method= | url=] - HHH000026: Second-level cache disabled
25-04-21 15:09:51.338 [Test worker] INFO  o.s.o.j.p.SpringPersistenceUnitInfo  [reqId= | ip= | method= | url=] - No LoadTimeWeaver setup: ignoring JPA class transformer
25-04-21 15:09:51.385 [Test worker] INFO  com.zaxxer.hikari.HikariDataSource   [reqId= | ip= | method= | url=] - HikariPool-1 - Starting...
25-04-21 15:09:51.634 [Test worker] INFO  com.zaxxer.hikari.pool.HikariPool    [reqId= | ip= | method= | url=] - HikariPool-1 - Added connection org.postgresql.jdbc.PgConnection@23b40e2a
25-04-21 15:09:51.637 [Test worker] INFO  com.zaxxer.hikari.HikariDataSource   [reqId= | ip= | method= | url=] - HikariPool-1 - Start completed.
25-04-21 15:09:51.710 [Test worker] WARN  org.hibernate.orm.deprecation        [reqId= | ip= | method= | url=] - HHH90000025: PostgreSQLDialect does not need to be specified explicitly using 'hibernate.dialect' (remove the property setting and it will be selected by default)
25-04-21 15:09:51.741 [Test worker] INFO  o.hibernate.orm.connections.pooling  [reqId= | ip= | method= | url=] - HHH10001005: Database info:
	Database JDBC URL [Connecting through datasource 'p6SpyDataSourceDecorator [com.p6spy.engine.spy.P6DataSource] -> dataSource [com.zaxxer.hikari.HikariDataSource]']
	Database driver: undefined/unknown
	Database version: 17.4
	Autocommit mode: undefined/unknown
	Isolation level: undefined/unknown
	Minimum pool size: undefined/unknown
	Maximum pool size: undefined/unknown
25-04-21 15:09:53.126 [Test worker] INFO  o.h.e.t.j.p.i.JtaPlatformInitiator   [reqId= | ip= | method= | url=] - HHH000489: No JTA platform available (set 'hibernate.transaction.jta.platform' to enable JTA platform integration)
25-04-21 15:09:53.178 [Test worker] INFO  p6spy                                [reqId= | ip= | method= | url=] - #1745215793178 | took 15ms | statement | connection 1| url jdbc:postgresql://localhost:5432/deokhugam
select * from information_schema.sequences
select * from information_schema.sequences;
25-04-21 15:09:53.208 [Test worker] ERROR o.s.o.j.LocalContainerEntityManagerFactoryBean [reqId= | ip= | method= | url=] - Failed to initialize JPA EntityManagerFactory: [PersistenceUnit: default] Unable to build Hibernate SessionFactory; nested exception is org.hibernate.tool.schema.spi.SchemaManagementException: Schema-validation: wrong column type encountered in column [rating] in table [books]; found [numeric (Types#NUMERIC)], but expecting [float(53) (Types#FLOAT)]
25-04-21 15:09:53.209 [Test worker] WARN  o.s.w.c.s.GenericWebApplicationContext [reqId= | ip= | method= | url=] - Exception encountered during context initialization - cancelling refresh attempt: org.springframework.beans.factory.BeanCreationException: Error creating bean with name 'entityManagerFactory' defined in class path resource [org/springframework/boot/autoconfigure/orm/jpa/HibernateJpaConfiguration.class]: [PersistenceUnit: default] Unable to build Hibernate SessionFactory; nested exception is org.hibernate.tool.schema.spi.SchemaManagementException: Schema-validation: wrong column type encountered in column [rating] in table [books]; found [numeric (Types#NUMERIC)], but expecting [float(53) (Types#FLOAT)]
25-04-21 15:09:53.209 [Test worker] INFO  com.zaxxer.hikari.HikariDataSource   [reqId= | ip= | method= | url=] - HikariPool-1 - Shutdown initiated...
25-04-21 15:09:53.211 [Test worker] INFO  com.zaxxer.hikari.HikariDataSource   [reqId= | ip= | method= | url=] - HikariPool-1 - Shutdown completed.
25-04-21 15:09:53.266 [Test worker] INFO  o.s.b.a.l.ConditionEvaluationReportLogger [reqId= | ip= | method= | url=] - 

Error starting ApplicationContext. To display the condition evaluation report re-run your application with 'debug' enabled.
25-04-21 15:09:53.297 [Test worker] ERROR o.s.boot.SpringApplication           [reqId= | ip= | method= | url=] - Application run failed
org.springframework.beans.factory.BeanCreationException: Error creating bean with name 'entityManagerFactory' defined in class path resource [org/springframework/boot/autoconfigure/orm/jpa/HibernateJpaConfiguration.class]: [PersistenceUnit: default] Unable to build Hibernate SessionFactory; nested exception is org.hibernate.tool.schema.spi.SchemaManagementException: Schema-validation: wrong column type encountered in column [rating] in table [books]; found [numeric (Types#NUMERIC)], but expecting [float(53) (Types#FLOAT)]
	at org.springframework.beans.factory.support.AbstractAutowireCapableBeanFactory.initializeBean(AbstractAutowireCapableBeanFactory.java:1812)
	at org.springframework.beans.factory.support.AbstractAutowireCapableBeanFactory.doCreateBean(AbstractAutowireCapableBeanFactory.java:601)
	at org.springframework.beans.factory.support.AbstractAutowireCapableBeanFactory.createBean(AbstractAutowireCapableBeanFactory.java:523)
	at org.springframework.beans.factory.support.AbstractBeanFactory.lambda$doGetBean$0(AbstractBeanFactory.java:339)
	at org.springframework.beans.factory.support.DefaultSingletonBeanRegistry.getSingleton(DefaultSingletonBeanRegistry.java:347)
	at org.springframework.beans.factory.support.AbstractBeanFactory.doGetBean(AbstractBeanFactory.java:337)
	at org.springframework.beans.factory.support.AbstractBeanFactory.getBean(AbstractBeanFactory.java:207)
	at org.springframework.context.support.AbstractApplicationContext.finishBeanFactoryInitialization(AbstractApplicationContext.java:970)
	at org.springframework.context.support.AbstractApplicationContext.refresh(AbstractApplicationContext.java:627)
	at org.springframework.boot.SpringApplication.refresh(SpringApplication.java:752)
	at org.springframework.boot.SpringApplication.refreshContext(SpringApplication.java:439)
	at org.springframework.boot.SpringApplication.run(SpringApplication.java:318)
	at org.springframework.boot.test.context.SpringBootContextLoader.lambda$loadContext$3(SpringBootContextLoader.java:144)
	at org.springframework.util.function.ThrowingSupplier.get(ThrowingSupplier.java:58)
	at org.springframework.util.function.ThrowingSupplier.get(ThrowingSupplier.java:46)
	at org.springframework.boot.SpringApplication.withHook(SpringApplication.java:1461)
	at org.springframework.boot.test.context.SpringBootContextLoader$ContextLoaderHook.run(SpringBootContextLoader.java:563)
	at org.springframework.boot.test.context.SpringBootContextLoader.loadContext(SpringBootContextLoader.java:144)
	at org.springframework.boot.test.context.SpringBootContextLoader.loadContext(SpringBootContextLoader.java:110)
	at org.springframework.test.context.cache.DefaultCacheAwareContextLoaderDelegate.loadContextInternal(DefaultCacheAwareContextLoaderDelegate.java:225)
	at org.springframework.test.context.cache.DefaultCacheAwareContextLoaderDelegate.loadContext(DefaultCacheAwareContextLoaderDelegate.java:152)
	at org.springframework.test.context.support.DefaultTestContext.getApplicationContext(DefaultTestContext.java:130)
	at org.springframework.test.context.web.ServletTestExecutionListener.setUpRequestContextIfNecessary(ServletTestExecutionListener.java:200)
	at org.springframework.test.context.web.ServletTestExecutionListener.prepareTestInstance(ServletTestExecutionListener.java:139)
	at org.springframework.test.context.TestContextManager.prepareTestInstance(TestContextManager.java:260)
	at org.springframework.test.context.junit.jupiter.SpringExtension.postProcessTestInstance(SpringExtension.java:160)
	at org.junit.jupiter.engine.descriptor.ClassBasedTestDescriptor.lambda$invokeTestInstancePostProcessors$11(ClassBasedTestDescriptor.java:378)
	at org.junit.jupiter.engine.descriptor.ClassBasedTestDescriptor.executeAndMaskThrowable(ClassBasedTestDescriptor.java:383)
	at org.junit.jupiter.engine.descriptor.ClassBasedTestDescriptor.lambda$invokeTestInstancePostProcessors$12(ClassBasedTestDescriptor.java:378)
	at java.base/java.util.stream.ForEachOps$ForEachOp$OfRef.accept(ForEachOps.java:183)
	at java.base/java.util.stream.ReferencePipeline$3$1.accept(ReferencePipeline.java:197)
	at java.base/java.util.stream.ReferencePipeline$2$1.accept(ReferencePipeline.java:179)
	at java.base/java.util.stream.ReferencePipeline$3$1.accept(ReferencePipeline.java:197)
	at java.base/java.util.ArrayList$ArrayListSpliterator.forEachRemaining(ArrayList.java:1625)
	at java.base/java.util.stream.AbstractPipeline.copyInto(AbstractPipeline.java:509)
	at java.base/java.util.stream.AbstractPipeline.wrapAndCopyInto(AbstractPipeline.java:499)
	at java.base/java.util.stream.ForEachOps$ForEachOp.evaluateSequential(ForEachOps.java:150)
	at java.base/java.util.stream.ForEachOps$ForEachOp$OfRef.evaluateSequential(ForEachOps.java:173)
	at java.base/java.util.stream.AbstractPipeline.evaluate(AbstractPipeline.java:234)
	at java.base/java.util.stream.ReferencePipeline.forEach(ReferencePipeline.java:596)
	at org.junit.jupiter.engine.descriptor.ClassBasedTestDescriptor.invokeTestInstancePostProcessors(ClassBasedTestDescriptor.java:377)
	at org.junit.jupiter.engine.descriptor.ClassBasedTestDescriptor.lambda$instantiateAndPostProcessTestInstance$7(ClassBasedTestDescriptor.java:290)
	at org.junit.platform.engine.support.hierarchical.ThrowableCollector.execute(ThrowableCollector.java:73)
	at org.junit.jupiter.engine.descriptor.ClassBasedTestDescriptor.instantiateAndPostProcessTestInstance(ClassBasedTestDescriptor.java:289)
	at org.junit.jupiter.engine.descriptor.ClassBasedTestDescriptor.lambda$testInstancesProvider$5(ClassBasedTestDescriptor.java:279)
	at java.base/java.util.Optional.orElseGet(Optional.java:364)
	at org.junit.jupiter.engine.descriptor.ClassBasedTestDescriptor.lambda$testInstancesProvider$6(ClassBasedTestDescriptor.java:278)
	at org.junit.jupiter.engine.execution.TestInstancesProvider.getTestInstances(TestInstancesProvider.java:31)
	at org.junit.jupiter.engine.descriptor.TestMethodTestDescriptor.lambda$prepare$1(TestMethodTestDescriptor.java:105)
	at org.junit.platform.engine.support.hierarchical.ThrowableCollector.execute(ThrowableCollector.java:73)
	at org.junit.jupiter.engine.descriptor.TestMethodTestDescriptor.prepare(TestMethodTestDescriptor.java:104)
	at org.junit.jupiter.engine.descriptor.TestMethodTestDescriptor.prepare(TestMethodTestDescriptor.java:68)
	at org.junit.platform.engine.support.hierarchical.NodeTestTask.lambda$prepare$2(NodeTestTask.java:128)
	at org.junit.platform.engine.support.hierarchical.ThrowableCollector.execute(ThrowableCollector.java:73)
	at org.junit.platform.engine.support.hierarchical.NodeTestTask.prepare(NodeTestTask.java:128)
	at org.junit.platform.engine.support.hierarchical.NodeTestTask.execute(NodeTestTask.java:95)
	at java.base/java.util.ArrayList.forEach(ArrayList.java:1511)
	at org.junit.platform.engine.support.hierarchical.SameThreadHierarchicalTestExecutorService.invokeAll(SameThreadHierarchicalTestExecutorService.java:41)
	at org.junit.platform.engine.support.hierarchical.NodeTestTask.lambda$executeRecursively$6(NodeTestTask.java:160)
	at org.junit.platform.engine.support.hierarchical.ThrowableCollector.execute(ThrowableCollector.java:73)
	at org.junit.platform.engine.support.hierarchical.NodeTestTask.lambda$executeRecursively$8(NodeTestTask.java:146)
	at org.junit.platform.engine.support.hierarchical.Node.around(Node.java:137)
	at org.junit.platform.engine.support.hierarchical.NodeTestTask.lambda$executeRecursively$9(NodeTestTask.java:144)
	at org.junit.platform.engine.support.hierarchical.ThrowableCollector.execute(ThrowableCollector.java:73)
	at org.junit.platform.engine.support.hierarchical.NodeTestTask.executeRecursively(NodeTestTask.java:143)
	at org.junit.platform.engine.support.hierarchical.NodeTestTask.execute(NodeTestTask.java:100)
	at java.base/java.util.ArrayList.forEach(ArrayList.java:1511)
	at org.junit.platform.engine.support.hierarchical.SameThreadHierarchicalTestExecutorService.invokeAll(SameThreadHierarchicalTestExecutorService.java:41)
	at org.junit.platform.engine.support.hierarchical.NodeTestTask.lambda$executeRecursively$6(NodeTestTask.java:160)
	at org.junit.platform.engine.support.hierarchical.ThrowableCollector.execute(ThrowableCollector.java:73)
	at org.junit.platform.engine.support.hierarchical.NodeTestTask.lambda$executeRecursively$8(NodeTestTask.java:146)
	at org.junit.platform.engine.support.hierarchical.Node.around(Node.java:137)
	at org.junit.platform.engine.support.hierarchical.NodeTestTask.lambda$executeRecursively$9(NodeTestTask.java:144)
	at org.junit.platform.engine.support.hierarchical.ThrowableCollector.execute(ThrowableCollector.java:73)
	at org.junit.platform.engine.support.hierarchical.NodeTestTask.executeRecursively(NodeTestTask.java:143)
	at org.junit.platform.engine.support.hierarchical.NodeTestTask.execute(NodeTestTask.java:100)
	at org.junit.platform.engine.support.hierarchical.SameThreadHierarchicalTestExecutorService.submit(SameThreadHierarchicalTestExecutorService.java:35)
	at org.junit.platform.engine.support.hierarchical.HierarchicalTestExecutor.execute(HierarchicalTestExecutor.java:57)
	at org.junit.platform.engine.support.hierarchical.HierarchicalTestEngine.execute(HierarchicalTestEngine.java:54)
	at org.junit.platform.launcher.core.EngineExecutionOrchestrator.execute(EngineExecutionOrchestrator.java:198)
	at org.junit.platform.launcher.core.EngineExecutionOrchestrator.execute(EngineExecutionOrchestrator.java:169)
	at org.junit.platform.launcher.core.EngineExecutionOrchestrator.execute(EngineExecutionOrchestrator.java:93)
	at org.junit.platform.launcher.core.EngineExecutionOrchestrator.lambda$execute$0(EngineExecutionOrchestrator.java:58)
	at org.junit.platform.launcher.core.EngineExecutionOrchestrator.withInterceptedStreams(EngineExecutionOrchestrator.java:141)
	at org.junit.platform.launcher.core.EngineExecutionOrchestrator.execute(EngineExecutionOrchestrator.java:57)
	at org.junit.platform.launcher.core.DefaultLauncher.execute(DefaultLauncher.java:103)
	at org.junit.platform.launcher.core.DefaultLauncher.execute(DefaultLauncher.java:85)
	at org.junit.platform.launcher.core.DelegatingLauncher.execute(DelegatingLauncher.java:47)
	at org.gradle.api.internal.tasks.testing.junitplatform.JUnitPlatformTestClassProcessor$CollectAllTestClassesExecutor.processAllTestClasses(JUnitPlatformTestClassProcessor.java:124)
	at org.gradle.api.internal.tasks.testing.junitplatform.JUnitPlatformTestClassProcessor$CollectAllTestClassesExecutor.access$000(JUnitPlatformTestClassProcessor.java:99)
	at org.gradle.api.internal.tasks.testing.junitplatform.JUnitPlatformTestClassProcessor.stop(JUnitPlatformTestClassProcessor.java:94)
	at org.gradle.api.internal.tasks.testing.SuiteTestClassProcessor.stop(SuiteTestClassProcessor.java:63)
	at java.base/jdk.internal.reflect.NativeMethodAccessorImpl.invoke0(Native Method)
	at java.base/jdk.internal.reflect.NativeMethodAccessorImpl.invoke(NativeMethodAccessorImpl.java:77)
	at java.base/jdk.internal.reflect.DelegatingMethodAccessorImpl.invoke(DelegatingMethodAccessorImpl.java:43)
	at java.base/java.lang.reflect.Method.invoke(Method.java:568)
	at org.gradle.internal.dispatch.ReflectionDispatch.dispatch(ReflectionDispatch.java:36)
	at org.gradle.internal.dispatch.ReflectionDispatch.dispatch(ReflectionDispatch.java:24)
	at org.gradle.internal.dispatch.ContextClassLoaderDispatch.dispatch(ContextClassLoaderDispatch.java:33)
	at org.gradle.internal.dispatch.ProxyDispatchAdapter$DispatchingInvocationHandler.invoke(ProxyDispatchAdapter.java:92)
	at jdk.proxy2/jdk.proxy2.$Proxy6.stop(Unknown Source)
	at org.gradle.api.internal.tasks.testing.worker.TestWorker$3.run(TestWorker.java:200)
	at org.gradle.api.internal.tasks.testing.worker.TestWorker.executeAndMaintainThreadName(TestWorker.java:132)
	at org.gradle.api.internal.tasks.testing.worker.TestWorker.execute(TestWorker.java:103)
	at org.gradle.api.internal.tasks.testing.worker.TestWorker.execute(TestWorker.java:63)
	at org.gradle.process.internal.worker.child.ActionExecutionWorker.execute(ActionExecutionWorker.java:56)
	at org.gradle.process.internal.worker.child.SystemApplicationClassLoaderWorker.call(SystemApplicationClassLoaderWorker.java:121)
	at org.gradle.process.internal.worker.child.SystemApplicationClassLoaderWorker.call(SystemApplicationClassLoaderWorker.java:71)
	at worker.org.gradle.process.internal.worker.GradleWorkerMain.run(GradleWorkerMain.java:69)
	at worker.org.gradle.process.internal.worker.GradleWorkerMain.main(GradleWorkerMain.java:74)
Caused by: jakarta.persistence.PersistenceException: [PersistenceUnit: default] Unable to build Hibernate SessionFactory; nested exception is org.hibernate.tool.schema.spi.SchemaManagementException: Schema-validation: wrong column type encountered in column [rating] in table [books]; found [numeric (Types#NUMERIC)], but expecting [float(53) (Types#FLOAT)]
	at org.springframework.orm.jpa.AbstractEntityManagerFactoryBean.buildNativeEntityManagerFactory(AbstractEntityManagerFactoryBean.java:431)
	at org.springframework.orm.jpa.AbstractEntityManagerFactoryBean.afterPropertiesSet(AbstractEntityManagerFactoryBean.java:400)
	at org.springframework.orm.jpa.LocalContainerEntityManagerFactoryBean.afterPropertiesSet(LocalContainerEntityManagerFactoryBean.java:366)
	at org.springframework.beans.factory.support.AbstractAutowireCapableBeanFactory.invokeInitMethods(AbstractAutowireCapableBeanFactory.java:1859)
	at org.springframework.beans.factory.support.AbstractAutowireCapableBeanFactory.initializeBean(AbstractAutowireCapableBeanFactory.java:1808)
	... 109 common frames omitted
Caused by: org.hibernate.tool.schema.spi.SchemaManagementException: Schema-validation: wrong column type encountered in column [rating] in table [books]; found [numeric (Types#NUMERIC)], but expecting [float(53) (Types#FLOAT)]
	at org.hibernate.tool.schema.internal.AbstractSchemaValidator.validateColumnType(AbstractSchemaValidator.java:169)
	at org.hibernate.tool.schema.internal.AbstractSchemaValidator.validateTable(AbstractSchemaValidator.java:156)
	at org.hibernate.tool.schema.internal.GroupedSchemaValidatorImpl.validateTables(GroupedSchemaValidatorImpl.java:46)
	at org.hibernate.tool.schema.internal.AbstractSchemaValidator.performValidation(AbstractSchemaValidator.java:99)
	at org.hibernate.tool.schema.internal.AbstractSchemaValidator.doValidation(AbstractSchemaValidator.java:77)
	at org.hibernate.tool.schema.spi.SchemaManagementToolCoordinator.performDatabaseAction(SchemaManagementToolCoordinator.java:289)
	at org.hibernate.tool.schema.spi.SchemaManagementToolCoordinator.lambda$process$5(SchemaManagementToolCoordinator.java:144)
	at java.base/java.util.HashMap.forEach(HashMap.java:1421)
	at org.hibernate.tool.schema.spi.SchemaManagementToolCoordinator.process(SchemaManagementToolCoordinator.java:141)
	at org.hibernate.boot.internal.SessionFactoryObserverForSchemaExport.sessionFactoryCreated(SessionFactoryObserverForSchemaExport.java:37)
	at org.hibernate.internal.SessionFactoryObserverChain.sessionFactoryCreated(SessionFactoryObserverChain.java:35)
	at org.hibernate.internal.SessionFactoryImpl.<init>(SessionFactoryImpl.java:324)
	at org.hibernate.boot.internal.SessionFactoryBuilderImpl.build(SessionFactoryBuilderImpl.java:463)
	at org.hibernate.jpa.boot.internal.EntityManagerFactoryBuilderImpl.build(EntityManagerFactoryBuilderImpl.java:1517)
	at org.springframework.orm.jpa.vendor.SpringHibernateJpaPersistenceProvider.createContainerEntityManagerFactory(SpringHibernateJpaPersistenceProvider.java:66)
	at org.springframework.orm.jpa.LocalContainerEntityManagerFactoryBean.createNativeEntityManagerFactory(LocalContainerEntityManagerFactoryBean.java:390)
	at org.springframework.orm.jpa.AbstractEntityManagerFactoryBean.buildNativeEntityManagerFactory(AbstractEntityManagerFactoryBean.java:419)
	... 113 common frames omitted
25-04-21 15:09:53.307 [Test worker] WARN  o.s.test.context.TestContextManager  [reqId= | ip= | method= | url=] - Caught exception while allowing TestExecutionListener [org.springframework.test.context.web.ServletTestExecutionListener] to prepare test instance [com.part3.team07.sb01deokhugamteam07.Sb01DeokhugamTeam07ApplicationTests@7ca1e839]
java.lang.IllegalStateException: Failed to load ApplicationContext for [WebMergedContextConfiguration@35a19f9 testClass = com.part3.team07.sb01deokhugamteam07.Sb01DeokhugamTeam07ApplicationTests, locations = [], classes = [com.part3.team07.sb01deokhugamteam07.Sb01DeokhugamTeam07Application], contextInitializerClasses = [], activeProfiles = [], propertySourceDescriptors = [], propertySourceProperties = ["org.springframework.boot.test.context.SpringBootTestContextBootstrapper=true"], contextCustomizers = [org.springframework.boot.test.autoconfigure.OnFailureConditionReportContextCustomizerFactory$OnFailureConditionReportContextCustomizer@671d1157, org.springframework.boot.test.autoconfigure.actuate.observability.ObservabilityContextCustomizerFactory$DisableObservabilityContextCustomizer@1f, org.springframework.boot.test.autoconfigure.properties.PropertyMappingContextCustomizer@0, org.springframework.boot.test.autoconfigure.web.servlet.WebDriverContextCustomizer@315f09ef, org.springframework.boot.test.context.filter.ExcludeFilterContextCustomizer@4596f8f3, org.springframework.boot.test.json.DuplicateJsonObjectContextCustomizerFactory$DuplicateJsonObjectContextCustomizer@3c3c4a71, org.springframework.boot.test.mock.mockito.MockitoContextCustomizer@0, org.springframework.boot.test.web.client.TestRestTemplateContextCustomizer@2bfb6b49, org.springframework.boot.test.web.reactor.netty.DisableReactorResourceFactoryGlobalResourcesContextCustomizerFactory$DisableReactorResourceFactoryGlobalResourcesContextCustomizerCustomizer@3e3315d9, org.springframework.test.context.support.DynamicPropertiesContextCustomizer@0, org.springframework.boot.test.context.SpringBootTestAnnotation@caacbe83], resourceBasePath = "src/main/webapp", contextLoader = org.springframework.boot.test.context.SpringBootContextLoader, parent = null]
	at org.springframework.test.context.cache.DefaultCacheAwareContextLoaderDelegate.loadContext(DefaultCacheAwareContextLoaderDelegate.java:180)
	at org.springframework.test.context.support.DefaultTestContext.getApplicationContext(DefaultTestContext.java:130)
	at org.springframework.test.context.web.ServletTestExecutionListener.setUpRequestContextIfNecessary(ServletTestExecutionListener.java:200)
	at org.springframework.test.context.web.ServletTestExecutionListener.prepareTestInstance(ServletTestExecutionListener.java:139)
	at org.springframework.test.context.TestContextManager.prepareTestInstance(TestContextManager.java:260)
	at org.springframework.test.context.junit.jupiter.SpringExtension.postProcessTestInstance(SpringExtension.java:160)
	at org.junit.jupiter.engine.descriptor.ClassBasedTestDescriptor.lambda$invokeTestInstancePostProcessors$11(ClassBasedTestDescriptor.java:378)
	at org.junit.jupiter.engine.descriptor.ClassBasedTestDescriptor.executeAndMaskThrowable(ClassBasedTestDescriptor.java:383)
	at org.junit.jupiter.engine.descriptor.ClassBasedTestDescriptor.lambda$invokeTestInstancePostProcessors$12(ClassBasedTestDescriptor.java:378)
	at java.base/java.util.stream.ForEachOps$ForEachOp$OfRef.accept(ForEachOps.java:183)
	at java.base/java.util.stream.ReferencePipeline$3$1.accept(ReferencePipeline.java:197)
	at java.base/java.util.stream.ReferencePipeline$2$1.accept(ReferencePipeline.java:179)
	at java.base/java.util.stream.ReferencePipeline$3$1.accept(ReferencePipeline.java:197)
	at java.base/java.util.ArrayList$ArrayListSpliterator.forEachRemaining(ArrayList.java:1625)
	at java.base/java.util.stream.AbstractPipeline.copyInto(AbstractPipeline.java:509)
	at java.base/java.util.stream.AbstractPipeline.wrapAndCopyInto(AbstractPipeline.java:499)
	at java.base/java.util.stream.ForEachOps$ForEachOp.evaluateSequential(ForEachOps.java:150)
	at java.base/java.util.stream.ForEachOps$ForEachOp$OfRef.evaluateSequential(ForEachOps.java:173)
	at java.base/java.util.stream.AbstractPipeline.evaluate(AbstractPipeline.java:234)
	at java.base/java.util.stream.ReferencePipeline.forEach(ReferencePipeline.java:596)
	at org.junit.jupiter.engine.descriptor.ClassBasedTestDescriptor.invokeTestInstancePostProcessors(ClassBasedTestDescriptor.java:377)
	at org.junit.jupiter.engine.descriptor.ClassBasedTestDescriptor.lambda$instantiateAndPostProcessTestInstance$7(ClassBasedTestDescriptor.java:290)
	at org.junit.platform.engine.support.hierarchical.ThrowableCollector.execute(ThrowableCollector.java:73)
	at org.junit.jupiter.engine.descriptor.ClassBasedTestDescriptor.instantiateAndPostProcessTestInstance(ClassBasedTestDescriptor.java:289)
	at org.junit.jupiter.engine.descriptor.ClassBasedTestDescriptor.lambda$testInstancesProvider$5(ClassBasedTestDescriptor.java:279)
	at java.base/java.util.Optional.orElseGet(Optional.java:364)
	at org.junit.jupiter.engine.descriptor.ClassBasedTestDescriptor.lambda$testInstancesProvider$6(ClassBasedTestDescriptor.java:278)
	at org.junit.jupiter.engine.execution.TestInstancesProvider.getTestInstances(TestInstancesProvider.java:31)
	at org.junit.jupiter.engine.descriptor.TestMethodTestDescriptor.lambda$prepare$1(TestMethodTestDescriptor.java:105)
	at org.junit.platform.engine.support.hierarchical.ThrowableCollector.execute(ThrowableCollector.java:73)
	at org.junit.jupiter.engine.descriptor.TestMethodTestDescriptor.prepare(TestMethodTestDescriptor.java:104)
	at org.junit.jupiter.engine.descriptor.TestMethodTestDescriptor.prepare(TestMethodTestDescriptor.java:68)
	at org.junit.platform.engine.support.hierarchical.NodeTestTask.lambda$prepare$2(NodeTestTask.java:128)
	at org.junit.platform.engine.support.hierarchical.ThrowableCollector.execute(ThrowableCollector.java:73)
	at org.junit.platform.engine.support.hierarchical.NodeTestTask.prepare(NodeTestTask.java:128)
	at org.junit.platform.engine.support.hierarchical.NodeTestTask.execute(NodeTestTask.java:95)
	at java.base/java.util.ArrayList.forEach(ArrayList.java:1511)
	at org.junit.platform.engine.support.hierarchical.SameThreadHierarchicalTestExecutorService.invokeAll(SameThreadHierarchicalTestExecutorService.java:41)
	at org.junit.platform.engine.support.hierarchical.NodeTestTask.lambda$executeRecursively$6(NodeTestTask.java:160)
	at org.junit.platform.engine.support.hierarchical.ThrowableCollector.execute(ThrowableCollector.java:73)
	at org.junit.platform.engine.support.hierarchical.NodeTestTask.lambda$executeRecursively$8(NodeTestTask.java:146)
	at org.junit.platform.engine.support.hierarchical.Node.around(Node.java:137)
	at org.junit.platform.engine.support.hierarchical.NodeTestTask.lambda$executeRecursively$9(NodeTestTask.java:144)
	at org.junit.platform.engine.support.hierarchical.ThrowableCollector.execute(ThrowableCollector.java:73)
	at org.junit.platform.engine.support.hierarchical.NodeTestTask.executeRecursively(NodeTestTask.java:143)
	at org.junit.platform.engine.support.hierarchical.NodeTestTask.execute(NodeTestTask.java:100)
	at java.base/java.util.ArrayList.forEach(ArrayList.java:1511)
	at org.junit.platform.engine.support.hierarchical.SameThreadHierarchicalTestExecutorService.invokeAll(SameThreadHierarchicalTestExecutorService.java:41)
	at org.junit.platform.engine.support.hierarchical.NodeTestTask.lambda$executeRecursively$6(NodeTestTask.java:160)
	at org.junit.platform.engine.support.hierarchical.ThrowableCollector.execute(ThrowableCollector.java:73)
	at org.junit.platform.engine.support.hierarchical.NodeTestTask.lambda$executeRecursively$8(NodeTestTask.java:146)
	at org.junit.platform.engine.support.hierarchical.Node.around(Node.java:137)
	at org.junit.platform.engine.support.hierarchical.NodeTestTask.lambda$executeRecursively$9(NodeTestTask.java:144)
	at org.junit.platform.engine.support.hierarchical.ThrowableCollector.execute(ThrowableCollector.java:73)
	at org.junit.platform.engine.support.hierarchical.NodeTestTask.executeRecursively(NodeTestTask.java:143)
	at org.junit.platform.engine.support.hierarchical.NodeTestTask.execute(NodeTestTask.java:100)
	at org.junit.platform.engine.support.hierarchical.SameThreadHierarchicalTestExecutorService.submit(SameThreadHierarchicalTestExecutorService.java:35)
	at org.junit.platform.engine.support.hierarchical.HierarchicalTestExecutor.execute(HierarchicalTestExecutor.java:57)
	at org.junit.platform.engine.support.hierarchical.HierarchicalTestEngine.execute(HierarchicalTestEngine.java:54)
	at org.junit.platform.launcher.core.EngineExecutionOrchestrator.execute(EngineExecutionOrchestrator.java:198)
	at org.junit.platform.launcher.core.EngineExecutionOrchestrator.execute(EngineExecutionOrchestrator.java:169)
	at org.junit.platform.launcher.core.EngineExecutionOrchestrator.execute(EngineExecutionOrchestrator.java:93)
	at org.junit.platform.launcher.core.EngineExecutionOrchestrator.lambda$execute$0(EngineExecutionOrchestrator.java:58)
	at org.junit.platform.launcher.core.EngineExecutionOrchestrator.withInterceptedStreams(EngineExecutionOrchestrator.java:141)
	at org.junit.platform.launcher.core.EngineExecutionOrchestrator.execute(EngineExecutionOrchestrator.java:57)
	at org.junit.platform.launcher.core.DefaultLauncher.execute(DefaultLauncher.java:103)
	at org.junit.platform.launcher.core.DefaultLauncher.execute(DefaultLauncher.java:85)
	at org.junit.platform.launcher.core.DelegatingLauncher.execute(DelegatingLauncher.java:47)
	at org.gradle.api.internal.tasks.testing.junitplatform.JUnitPlatformTestClassProcessor$CollectAllTestClassesExecutor.processAllTestClasses(JUnitPlatformTestClassProcessor.java:124)
	at org.gradle.api.internal.tasks.testing.junitplatform.JUnitPlatformTestClassProcessor$CollectAllTestClassesExecutor.access$000(JUnitPlatformTestClassProcessor.java:99)
	at org.gradle.api.internal.tasks.testing.junitplatform.JUnitPlatformTestClassProcessor.stop(JUnitPlatformTestClassProcessor.java:94)
	at org.gradle.api.internal.tasks.testing.SuiteTestClassProcessor.stop(SuiteTestClassProcessor.java:63)
	at java.base/jdk.internal.reflect.NativeMethodAccessorImpl.invoke0(Native Method)
	at java.base/jdk.internal.reflect.NativeMethodAccessorImpl.invoke(NativeMethodAccessorImpl.java:77)
	at java.base/jdk.internal.reflect.DelegatingMethodAccessorImpl.invoke(DelegatingMethodAccessorImpl.java:43)
	at java.base/java.lang.reflect.Method.invoke(Method.java:568)
	at org.gradle.internal.dispatch.ReflectionDispatch.dispatch(ReflectionDispatch.java:36)
	at org.gradle.internal.dispatch.ReflectionDispatch.dispatch(ReflectionDispatch.java:24)
	at org.gradle.internal.dispatch.ContextClassLoaderDispatch.dispatch(ContextClassLoaderDispatch.java:33)
	at org.gradle.internal.dispatch.ProxyDispatchAdapter$DispatchingInvocationHandler.invoke(ProxyDispatchAdapter.java:92)
	at jdk.proxy2/jdk.proxy2.$Proxy6.stop(Unknown Source)
	at org.gradle.api.internal.tasks.testing.worker.TestWorker$3.run(TestWorker.java:200)
	at org.gradle.api.internal.tasks.testing.worker.TestWorker.executeAndMaintainThreadName(TestWorker.java:132)
	at org.gradle.api.internal.tasks.testing.worker.TestWorker.execute(TestWorker.java:103)
	at org.gradle.api.internal.tasks.testing.worker.TestWorker.execute(TestWorker.java:63)
	at org.gradle.process.internal.worker.child.ActionExecutionWorker.execute(ActionExecutionWorker.java:56)
	at org.gradle.process.internal.worker.child.SystemApplicationClassLoaderWorker.call(SystemApplicationClassLoaderWorker.java:121)
	at org.gradle.process.internal.worker.child.SystemApplicationClassLoaderWorker.call(SystemApplicationClassLoaderWorker.java:71)
	at worker.org.gradle.process.internal.worker.GradleWorkerMain.run(GradleWorkerMain.java:69)
	at worker.org.gradle.process.internal.worker.GradleWorkerMain.main(GradleWorkerMain.java:74)
Caused by: org.springframework.beans.factory.BeanCreationException: Error creating bean with name 'entityManagerFactory' defined in class path resource [org/springframework/boot/autoconfigure/orm/jpa/HibernateJpaConfiguration.class]: [PersistenceUnit: default] Unable to build Hibernate SessionFactory; nested exception is org.hibernate.tool.schema.spi.SchemaManagementException: Schema-validation: wrong column type encountered in column [rating] in table [books]; found [numeric (Types#NUMERIC)], but expecting [float(53) (Types#FLOAT)]
	at org.springframework.beans.factory.support.AbstractAutowireCapableBeanFactory.initializeBean(AbstractAutowireCapableBeanFactory.java:1812)
	at org.springframework.beans.factory.support.AbstractAutowireCapableBeanFactory.doCreateBean(AbstractAutowireCapableBeanFactory.java:601)
	at org.springframework.beans.factory.support.AbstractAutowireCapableBeanFactory.createBean(AbstractAutowireCapableBeanFactory.java:523)
	at org.springframework.beans.factory.support.AbstractBeanFactory.lambda$doGetBean$0(AbstractBeanFactory.java:339)
	at org.springframework.beans.factory.support.DefaultSingletonBeanRegistry.getSingleton(DefaultSingletonBeanRegistry.java:347)
	at org.springframework.beans.factory.support.AbstractBeanFactory.doGetBean(AbstractBeanFactory.java:337)
	at org.springframework.beans.factory.support.AbstractBeanFactory.getBean(AbstractBeanFactory.java:207)
	at org.springframework.context.support.AbstractApplicationContext.finishBeanFactoryInitialization(AbstractApplicationContext.java:970)
	at org.springframework.context.support.AbstractApplicationContext.refresh(AbstractApplicationContext.java:627)
	at org.springframework.boot.SpringApplication.refresh(SpringApplication.java:752)
	at org.springframework.boot.SpringApplication.refreshContext(SpringApplication.java:439)
	at org.springframework.boot.SpringApplication.run(SpringApplication.java:318)
	at org.springframework.boot.test.context.SpringBootContextLoader.lambda$loadContext$3(SpringBootContextLoader.java:144)
	at org.springframework.util.function.ThrowingSupplier.get(ThrowingSupplier.java:58)
	at org.springframework.util.function.ThrowingSupplier.get(ThrowingSupplier.java:46)
	at org.springframework.boot.SpringApplication.withHook(SpringApplication.java:1461)
	at org.springframework.boot.test.context.SpringBootContextLoader$ContextLoaderHook.run(SpringBootContextLoader.java:563)
	at org.springframework.boot.test.context.SpringBootContextLoader.loadContext(SpringBootContextLoader.java:144)
	at org.springframework.boot.test.context.SpringBootContextLoader.loadContext(SpringBootContextLoader.java:110)
	at org.springframework.test.context.cache.DefaultCacheAwareContextLoaderDelegate.loadContextInternal(DefaultCacheAwareContextLoaderDelegate.java:225)
	at org.springframework.test.context.cache.DefaultCacheAwareContextLoaderDelegate.loadContext(DefaultCacheAwareContextLoaderDelegate.java:152)
	... 89 common frames omitted
Caused by: jakarta.persistence.PersistenceException: [PersistenceUnit: default] Unable to build Hibernate SessionFactory; nested exception is org.hibernate.tool.schema.spi.SchemaManagementException: Schema-validation: wrong column type encountered in column [rating] in table [books]; found [numeric (Types#NUMERIC)], but expecting [float(53) (Types#FLOAT)]
	at org.springframework.orm.jpa.AbstractEntityManagerFactoryBean.buildNativeEntityManagerFactory(AbstractEntityManagerFactoryBean.java:431)
	at org.springframework.orm.jpa.AbstractEntityManagerFactoryBean.afterPropertiesSet(AbstractEntityManagerFactoryBean.java:400)
	at org.springframework.orm.jpa.LocalContainerEntityManagerFactoryBean.afterPropertiesSet(LocalContainerEntityManagerFactoryBean.java:366)
	at org.springframework.beans.factory.support.AbstractAutowireCapableBeanFactory.invokeInitMethods(AbstractAutowireCapableBeanFactory.java:1859)
	at org.springframework.beans.factory.support.AbstractAutowireCapableBeanFactory.initializeBean(AbstractAutowireCapableBeanFactory.java:1808)
	... 109 common frames omitted
Caused by: org.hibernate.tool.schema.spi.SchemaManagementException: Schema-validation: wrong column type encountered in column [rating] in table [books]; found [numeric (Types#NUMERIC)], but expecting [float(53) (Types#FLOAT)]
	at org.hibernate.tool.schema.internal.AbstractSchemaValidator.validateColumnType(AbstractSchemaValidator.java:169)
	at org.hibernate.tool.schema.internal.AbstractSchemaValidator.validateTable(AbstractSchemaValidator.java:156)
	at org.hibernate.tool.schema.internal.GroupedSchemaValidatorImpl.validateTables(GroupedSchemaValidatorImpl.java:46)
	at org.hibernate.tool.schema.internal.AbstractSchemaValidator.performValidation(AbstractSchemaValidator.java:99)
	at org.hibernate.tool.schema.internal.AbstractSchemaValidator.doValidation(AbstractSchemaValidator.java:77)
	at org.hibernate.tool.schema.spi.SchemaManagementToolCoordinator.performDatabaseAction(SchemaManagementToolCoordinator.java:289)
	at org.hibernate.tool.schema.spi.SchemaManagementToolCoordinator.lambda$process$5(SchemaManagementToolCoordinator.java:144)
	at java.base/java.util.HashMap.forEach(HashMap.java:1421)
	at org.hibernate.tool.schema.spi.SchemaManagementToolCoordinator.process(SchemaManagementToolCoordinator.java:141)
	at org.hibernate.boot.internal.SessionFactoryObserverForSchemaExport.sessionFactoryCreated(SessionFactoryObserverForSchemaExport.java:37)
	at org.hibernate.internal.SessionFactoryObserverChain.sessionFactoryCreated(SessionFactoryObserverChain.java:35)
	at org.hibernate.internal.SessionFactoryImpl.<init>(SessionFactoryImpl.java:324)
	at org.hibernate.boot.internal.SessionFactoryBuilderImpl.build(SessionFactoryBuilderImpl.java:463)
	at org.hibernate.jpa.boot.internal.EntityManagerFactoryBuilderImpl.build(EntityManagerFactoryBuilderImpl.java:1517)
	at org.springframework.orm.jpa.vendor.SpringHibernateJpaPersistenceProvider.createContainerEntityManagerFactory(SpringHibernateJpaPersistenceProvider.java:66)
	at org.springframework.orm.jpa.LocalContainerEntityManagerFactoryBean.createNativeEntityManagerFactory(LocalContainerEntityManagerFactoryBean.java:390)
	at org.springframework.orm.jpa.AbstractEntityManagerFactoryBean.buildNativeEntityManagerFactory(AbstractEntityManagerFactoryBean.java:419)
	... 113 common frames omitted
25-04-21 15:09:53.350 [Test worker] INFO  o.s.t.c.s.AnnotationConfigContextLoaderUtils [reqId= | ip= | method= | url=] - Could not detect default configuration classes for test class [com.part3.team07.sb01deokhugamteam07.controller.CommentControllerTest]: CommentControllerTest does not declare any static, non-private, non-final, nested classes annotated with @Configuration.
25-04-21 15:09:53.403 [Test worker] INFO  o.s.b.t.c.SpringBootTestContextBootstrapper [reqId= | ip= | method= | url=] - Found @SpringBootConfiguration com.part3.team07.sb01deokhugamteam07.Sb01DeokhugamTeam07Application for test class com.part3.team07.sb01deokhugamteam07.controller.CommentControllerTest
25-04-21 15:09:53.447 [Test worker] INFO  c.p.t.s.c.CommentControllerTest      [reqId= | ip= | method= | url=] - Starting CommentControllerTest using Java 17.0.13 with PID 28728 (started by lee in C:\Users\leesi\sb01-deokhugam-team07)
25-04-21 15:09:53.448 [Test worker] INFO  c.p.t.s.c.CommentControllerTest      [reqId= | ip= | method= | url=] - The following 1 profile is active: "default"
25-04-21 15:09:54.919 [Test worker] WARN  o.s.b.a.s.s.UserDetailsServiceAutoConfiguration [reqId= | ip= | method= | url=] - 

Using generated security password: 451cd3f1-36dd-41fd-b969-8c0eb86366a4

This generated password is for development use only. Your security configuration must be updated before running your application in production.

25-04-21 15:09:54.952 [Test worker] INFO  o.s.s.c.a.a.c.InitializeUserDetailsBeanManagerConfigurer$InitializeUserDetailsManagerConfigurer [reqId= | ip= | method= | url=] - Global AuthenticationManager configured with UserDetailsService bean with name inMemoryUserDetailsManager
25-04-21 15:09:55.242 [Test worker] INFO  o.s.b.t.m.w.SpringBootMockServletContext [reqId= | ip= | method= | url=] - Initializing Spring TestDispatcherServlet ''
25-04-21 15:09:55.242 [Test worker] INFO  o.s.t.w.s.TestDispatcherServlet      [reqId= | ip= | method= | url=] - Initializing Servlet ''
25-04-21 15:09:55.244 [Test worker] INFO  o.s.t.w.s.TestDispatcherServlet      [reqId= | ip= | method= | url=] - Completed initialization in 0 ms
25-04-21 15:09:55.272 [Test worker] INFO  c.p.t.s.c.CommentControllerTest      [reqId= | ip= | method= | url=] - Started CommentControllerTest in 1.863 seconds (process running for 9.561)
25-04-21 15:09:55.643 [Test worker] INFO  c.p.t.s.controller.CommentController [reqId= | ip= | method= | url=] - create comment request = CommentCreateRequest[reviewId=54a6846b-55da-4906-aafa-e4a23e04f385, userId=01b6a94e-7f66-470b-8984-6843775310fa, content=test]
25-04-21 15:09:55.777 [Test worker] WARN  o.s.w.s.m.s.DefaultHandlerExceptionResolver [reqId= | ip= | method= | url=] - Resolved [org.springframework.web.bind.MethodArgumentNotValidException: Validation failed for argument [0] in public org.springframework.http.ResponseEntity<com.part3.team07.sb01deokhugamteam07.dto.comment.CommentDto> com.part3.team07.sb01deokhugamteam07.controller.CommentController.create(com.part3.team07.sb01deokhugamteam07.dto.comment.request.CommentCreateRequest) with 3 errors: [Field error in object 'commentCreateRequest' on field 'content': rejected value []; codes [NotBlank.commentCreateRequest.content,NotBlank.content,NotBlank.java.lang.String,NotBlank]; arguments [org.springframework.context.support.DefaultMessageSourceResolvable: codes [commentCreateRequest.content,content]; arguments []; default message [content]]; default message [내용은 필수입니다.]] [Field error in object 'commentCreateRequest' on field 'reviewId': rejected value [null]; codes [NotNull.commentCreateRequest.reviewId,NotNull.reviewId,NotNull.java.util.UUID,NotNull]; arguments [org.springframework.context.support.DefaultMessageSourceResolvable: codes [commentCreateRequest.reviewId,reviewId]; arguments []; default message [reviewId]]; default message [리뷰 ID는 필수입니다.]] [Field error in object 'commentCreateRequest' on field 'userId': rejected value [null]; codes [NotNull.commentCreateRequest.userId,NotNull.userId,NotNull.java.util.UUID,NotNull]; arguments [org.springframework.context.support.DefaultMessageSourceResolvable: codes [commentCreateRequest.userId,userId]; arguments []; default message [userId]]; default message [사용자 ID는 필수입니다.]] ]
25-04-21 15:09:56.079 [Test worker] INFO  c.p.t.s.service.CommentService       [reqId= | ip= | method= | url=] - create comment complete: id=null, comment=test
